# JRE version: Java(TM) SE Runtime Environment (8.0_471) (build 1.8.0_471-b09)
# Java VM: Java HotSpot(TM) 64-Bit Server VM (25.471-b09 mixed mode windows-amd64 compressed oops)
Heap:
 PSYoungGen      total 103936K, used 33959K [0x00000000d8f80000, 0x00000000e0f80000, 0x0000000100000000)
  eden space 87040K, 25% used [0x00000000d8f80000,0x00000000da52f678,0x00000000de480000)
  from space 16896K, 69% used [0x00000000de480000,0x00000000deffa638,0x00000000df500000)
  to   space 14848K, 0% used [0x00000000df500000,0x00000000df500000,0x00000000e0380000)
 ParOldGen       total 91648K, used 51251K [0x000000008ae00000, 0x0000000090780000, 0x00000000d8f80000)
  object space 91648K, 55% used [0x000000008ae00000,0x000000008e00cef8,0x0000000090780000)
 Metaspace       used 46636K, capacity 47236K, committed 47536K, reserved 1091584K
  class space    used 6087K, capacity 6239K, committed 6320K, reserved 1048576K
GC Heap History (10 events):
Event: 9.017 GC heap before
{Heap before GC invocations=15 (full 2):
 PSYoungGen      total 64000K, used 2095K [0x00000000d8f80000, 0x00000000def00000, 0x0000000100000000)
  eden space 52224K, 0% used [0x00000000d8f80000,0x00000000d8f80000,0x00000000dc280000)
  from space 11776K, 17% used [0x00000000dc280000,0x00000000dc48be60,0x00000000dce00000)
  to   space 11776K, 0% used [0x00000000de380000,0x00000000de380000,0x00000000def00000)
 ParOldGen       total 68096K, used 25050K [0x000000008ae00000, 0x000000008f080000, 0x00000000d8f80000)
  object space 68096K, 36% used [0x000000008ae00000,0x000000008c676858,0x000000008f080000)
 Metaspace       used 34740K, capacity 35290K, committed 35496K, reserved 1081344K
  class space    used 4439K, capacity 4609K, committed 4656K, reserved 1048576K
Event: 9.097 GC heap after
Heap after GC invocations=15 (full 2):
 PSYoungGen      total 64000K, used 0K [0x00000000d8f80000, 0x00000000def00000, 0x0000000100000000)
  eden space 52224K, 0% used [0x00000000d8f80000,0x00000000d8f80000,0x00000000dc280000)
  from space 11776K, 0% used [0x00000000dc280000,0x00000000dc280000,0x00000000dce00000)
  to   space 11776K, 0% used [0x00000000de380000,0x00000000de380000,0x00000000def00000)
 ParOldGen       total 91648K, used 21001K [0x000000008ae00000, 0x0000000090780000, 0x00000000d8f80000)
  object space 91648K, 22% used [0x000000008ae00000,0x000000008c2824a0,0x0000000090780000)
 Metaspace       used 34740K, capacity 35290K, committed 35496K, reserved 1081344K
  class space    used 4439K, capacity 4609K, committed 4656K, reserved 1048576K
}
Event: 11.077 GC heap before
{Heap before GC invocations=16 (full 2):
 PSYoungGen      total 64000K, used 52224K [0x00000000d8f80000, 0x00000000def00000, 0x0000000100000000)
  eden space 52224K, 100% used [0x00000000d8f80000,0x00000000dc280000,0x00000000dc280000)
  from space 11776K, 0% used [0x00000000dc280000,0x00000000dc280000,0x00000000dce00000)
  to   space 11776K, 0% used [0x00000000de380000,0x00000000de380000,0x00000000def00000)
 ParOldGen       total 91648K, used 21001K [0x000000008ae00000, 0x0000000090780000, 0x00000000d8f80000)
  object space 91648K, 22% used [0x000000008ae00000,0x000000008c2824a0,0x0000000090780000)
 Metaspace       used 38287K, capacity 38856K, committed 39088K, reserved 1083392K
  class space    used 4881K, capacity 5027K, committed 5040K, reserved 1048576K
Event: 11.084 GC heap after
Heap after GC invocations=16 (full 2):
 PSYoungGen      total 71168K, used 4506K [0x00000000d8f80000, 0x00000000de800000, 0x0000000100000000)
  eden space 66560K, 0% used [0x00000000d8f80000,0x00000000d8f80000,0x00000000dd080000)
  from space 4608K, 97% used [0x00000000de380000,0x00000000de7e6840,0x00000000de800000)
  to   space 11264K, 0% used [0x00000000dd200000,0x00000000dd200000,0x00000000ddd00000)
 ParOldGen       total 91648K, used 21009K [0x000000008ae00000, 0x0000000090780000, 0x00000000d8f80000)
  object space 91648K, 22% used [0x000000008ae00000,0x000000008c2844a0,0x0000000090780000)
 Metaspace       used 38287K, capacity 38856K, committed 39088K, reserved 1083392K
  class space    used 4881K, capacity 5027K, committed 5040K, reserved 1048576K
}
Event: 11.555 GC heap before
{Heap before GC invocations=17 (full 2):
 PSYoungGen      total 71168K, used 71066K [0x00000000d8f80000, 0x00000000de800000, 0x0000000100000000)
  eden space 66560K, 100% used [0x00000000d8f80000,0x00000000dd080000,0x00000000dd080000)
  from space 4608K, 97% used [0x00000000de380000,0x00000000de7e6840,0x00000000de800000)
  to   space 11264K, 0% used [0x00000000dd200000,0x00000000dd200000,0x00000000ddd00000)
 ParOldGen       total 91648K, used 21009K [0x000000008ae00000, 0x0000000090780000, 0x00000000d8f80000)
  object space 91648K, 22% used [0x000000008ae00000,0x000000008c2844a0,0x0000000090780000)
 Metaspace       used 39381K, capacity 39936K, committed 40368K, reserved 1085440K
  class space    used 5043K, capacity 5191K, committed 5296K, reserved 1048576K
Event: 11.574 GC heap after
Heap after GC invocations=17 (full 2):
 PSYoungGen      total 79360K, used 11232K [0x00000000d8f80000, 0x00000000e0380000, 0x0000000100000000)
  eden space 68096K, 0% used [0x00000000d8f80000,0x00000000d8f80000,0x00000000dd200000)
  from space 11264K, 99% used [0x00000000dd200000,0x00000000ddcf8020,0x00000000ddd00000)
  to   space 14848K, 0% used [0x00000000df500000,0x00000000df500000,0x00000000e0380000)
 ParOldGen       total 91648K, used 26256K [0x000000008ae00000, 0x0000000090780000, 0x00000000d8f80000)
  object space 91648K, 28% used [0x000000008ae00000,0x000000008c7a4018,0x0000000090780000)
 Metaspace       used 39381K, capacity 39936K, committed 40368K, reserved 1085440K
  class space    used 5043K, capacity 5191K, committed 5296K, reserved 1048576K
}
Event: 11.993 GC heap before
{Heap before GC invocations=18 (full 2):
 PSYoungGen      total 79360K, used 79328K [0x00000000d8f80000, 0x00000000e0380000, 0x0000000100000000)
  eden space 68096K, 100% used [0x00000000d8f80000,0x00000000dd200000,0x00000000dd200000)
  from space 11264K, 99% used [0x00000000dd200000,0x00000000ddcf8020,0x00000000ddd00000)
  to   space 14848K, 0% used [0x00000000df500000,0x00000000df500000,0x00000000e0380000)
 ParOldGen       total 91648K, used 26256K [0x000000008ae00000, 0x0000000090780000, 0x00000000d8f80000)
  object space 91648K, 28% used [0x000000008ae00000,0x000000008c7a4018,0x0000000090780000)
 Metaspace       used 41962K, capacity 42552K, committed 42800K, reserved 1087488K
  class space    used 5452K, capacity 5611K, committed 5680K, reserved 1048576K
Event: 12.029 GC heap after
Heap after GC invocations=18 (full 2):
 PSYoungGen      total 101888K, used 14240K [0x00000000d8f80000, 0x00000000e0f80000, 0x0000000100000000)
  eden space 87040K, 0% used [0x00000000d8f80000,0x00000000d8f80000,0x00000000de480000)
  from space 14848K, 95% used [0x00000000df500000,0x00000000e02e8010,0x00000000e0380000)
  to   space 16896K, 0% used [0x00000000de480000,0x00000000de480000,0x00000000df500000)
 ParOldGen       total 91648K, used 37499K [0x000000008ae00000, 0x0000000090780000, 0x00000000d8f80000)
  object space 91648K, 40% used [0x000000008ae00000,0x000000008d29eed8,0x0000000090780000)
 Metaspace       used 41962K, capacity 42552K, committed 42800K, reserved 1087488K
  class space    used 5452K, capacity 5611K, committed 5680K, reserved 1048576K
}
Event: 12.607 GC heap before
{Heap before GC invocations=19 (full 2):
 PSYoungGen      total 101888K, used 101280K [0x00000000d8f80000, 0x00000000e0f80000, 0x0000000100000000)
  eden space 87040K, 100% used [0x00000000d8f80000,0x00000000de480000,0x00000000de480000)
  from space 14848K, 95% used [0x00000000df500000,0x00000000e02e8010,0x00000000e0380000)
  to   space 16896K, 0% used [0x00000000de480000,0x00000000de480000,0x00000000df500000)
 ParOldGen       total 91648K, used 37499K [0x000000008ae00000, 0x0000000090780000, 0x00000000d8f80000)
  object space 91648K, 40% used [0x000000008ae00000,0x000000008d29eed8,0x0000000090780000)
 Metaspace       used 44875K, capacity 45480K, committed 45744K, reserved 1089536K
  class space    used 5857K, capacity 6003K, committed 6064K, reserved 1048576K
Event: 14.662 GC heap after
Heap after GC invocations=19 (full 2):
 PSYoungGen      total 103936K, used 11753K [0x00000000d8f80000, 0x00000000e0f80000, 0x0000000100000000)
  eden space 87040K, 0% used [0x00000000d8f80000,0x00000000d8f80000,0x00000000de480000)
  from space 16896K, 69% used [0x00000000de480000,0x00000000deffa638,0x00000000df500000)
  to   space 14848K, 0% used [0x00000000df500000,0x00000000df500000,0x00000000e0380000)
 ParOldGen       total 91648K, used 51251K [0x000000008ae00000, 0x0000000090780000, 0x00000000d8f80000)
  object space 91648K, 55% used [0x000000008ae00000,0x000000008e00cef8,0x0000000090780000)
 Metaspace       used 44875K, capacity 45480K, committed 45744K, reserved 1089536K
  class space    used 5857K, capacity 6003K, committed 6064K, reserved 1048576K
}

